0 info it worked if it ends with ok
1 verbose cli [ '/usr/local/bin/node', '/usr/local/bin/npm', 'start' ]
2 info using npm@3.10.3
3 info using node@v6.7.0
4 verbose run-script [ 'prestart', 'start', 'poststart' ]
5 info lifecycle ezmi@~prestart: ezmi@
6 silly lifecycle ezmi@~prestart: no script for prestart, continuing
7 info lifecycle ezmi@~start: ezmi@
8 verbose lifecycle ezmi@~start: unsafe-perm in lifecycle true
9 verbose lifecycle ezmi@~start: PATH: /usr/local/lib/node_modules/npm/bin/node-gyp-bin:/Users/cohan/Desktop/ezmi/node_modules/.bin:/usr/local/bin:/usr/local/bin:/usr/bin:/bin:/usr/sbin:/sbin:/opt/X11/bin
10 verbose lifecycle ezmi@~start: CWD: /Users/cohan/Desktop/ezmi
11 silly lifecycle ezmi@~start: Args: [ '-c', 'meteor run' ]
12 silly lifecycle ezmi@~start: Returned: code: 254  signal: null
13 info lifecycle ezmi@~start: Failed to exec start script
14 verbose stack Error: ezmi@ start: `meteor run`
14 verbose stack Exit status 254
14 verbose stack     at EventEmitter.<anonymous> (/usr/local/lib/node_modules/npm/lib/utils/lifecycle.js:242:16)
14 verbose stack     at emitTwo (events.js:106:13)
14 verbose stack     at EventEmitter.emit (events.js:191:7)
14 verbose stack     at ChildProcess.<anonymous> (/usr/local/lib/node_modules/npm/lib/utils/spawn.js:40:14)
14 verbose stack     at emitTwo (events.js:106:13)
14 verbose stack     at ChildProcess.emit (events.js:191:7)
14 verbose stack     at maybeClose (internal/child_process.js:877:16)
14 verbose stack     at Process.ChildProcess._handle.onexit (internal/child_process.js:226:5)
15 verbose pkgid ezmi@
16 verbose cwd /Users/cohan/Desktop/ezmi
17 error Darwin 16.7.0
18 error argv "/usr/local/bin/node" "/usr/local/bin/npm" "start"
19 error node v6.7.0
20 error npm  v3.10.3
21 error code ELIFECYCLE
22 error ezmi@ start: `meteor run`
22 error Exit status 254
23 error Failed at the ezmi@ start script 'meteor run'.
23 error Make sure you have the latest version of node.js and npm installed.
23 error If you do, this is most likely a problem with the ezmi package,
23 error not with npm itself.
23 error Tell the author that this fails on your system:
23 error     meteor run
23 error You can get information on how to open an issue for this project with:
23 error     npm bugs ezmi
23 error Or if that isn't available, you can get their info via:
23 error     npm owner ls ezmi
23 error There is likely additional logging output above.
24 verbose exit [ 1, true ]
